{"numFailedTestSuites":6,"numFailedTests":7,"numPassedTestSuites":2,"numPassedTests":51,"numPendingTestSuites":0,"numPendingTests":0,"numRuntimeErrorTestSuites":2,"numTodoTests":0,"numTotalTestSuites":8,"numTotalTests":58,"openHandles":[],"snapshot":{"added":0,"didUpdate":false,"failure":false,"filesAdded":0,"filesRemoved":0,"filesRemovedList":[],"filesUnmatched":0,"filesUpdated":0,"matched":0,"total":0,"unchecked":0,"uncheckedKeysByFile":[],"unmatched":0,"updated":0},"startTime":1778224333726,"success":false,"testResults":[{"assertionResults":[],"coverage":{},"endTime":1778224338510,"message":"  ● Test suite failed to run\n\n    \u001b[96msrc/products/products.service.spec.ts\u001b[0m:\u001b[93m109\u001b[0m:\u001b[93m18\u001b[0m - \u001b[91merror\u001b[0m\u001b[90m TS1005: \u001b[0m')' expected.\n\n    \u001b[7m109\u001b[0m       expect(mock\n    \u001b[7m   \u001b[0m \u001b[91m                 \u001b[0m\n","name":"C:\\ma\\sales-king\\backend\\src\\products\\products.service.spec.ts","startTime":1778224338510,"status":"failed","summary":""},{"assertionResults":[],"coverage":{},"endTime":1778224338510,"message":"  ● Test suite failed to run\n\n    \u001b[96msrc/stats/stats.service.spec.ts\u001b[0m:\u001b[93m115\u001b[0m:\u001b[93m62\u001b[0m - \u001b[91merror\u001b[0m\u001b[90m TS1135: \u001b[0mArgument expression expected.\n\n    \u001b[7m115\u001b[0m       mockPrismaService.salesOrder.groupBy.mockResolvedValue(const result = await service.getTopProducts('user-123', 'SALES', 10);\n    \u001b[7m   \u001b[0m \u001b[91m                                                             ~~~~~\u001b[0m\n","name":"C:\\ma\\sales-king\\backend\\src\\stats\\stats.service.spec.ts","startTime":1778224338510,"status":"failed","summary":""},{"assertionResults":[{"ancestorTitles":["AppController","root"],"duration":58,"failing":false,"failureDetails":[{}],"failureMessages":["TypeError: appController.getHello is not a function\n    at Object.<anonymous> (C:\\ma\\sales-king\\backend\\src\\app.controller.spec.ts:19:28)\n    at Promise.finally.completed (C:\\ma\\sales-king\\backend\\node_modules\\jest-circus\\build\\jestAdapterInit.js:1561:28)\n    at new Promise (<anonymous>)\n    at callAsyncCircusFn (C:\\ma\\sales-king\\backend\\node_modules\\jest-circus\\build\\jestAdapterInit.js:1501:10)\n    at _callCircusTest (C:\\ma\\sales-king\\backend\\node_modules\\jest-circus\\build\\jestAdapterInit.js:1011:40)\n    at processTicksAndRejections (node:internal/process/task_queues:95:5)\n    at _runTest (C:\\ma\\sales-king\\backend\\node_modules\\jest-circus\\build\\jestAdapterInit.js:951:3)\n    at C:\\ma\\sales-king\\backend\\node_modules\\jest-circus\\build\\jestAdapterInit.js:853:7\n    at _runTestsForDescribeBlock (C:\\ma\\sales-king\\backend\\node_modules\\jest-circus\\build\\jestAdapterInit.js:866:11)\n    at _runTestsForDescribeBlock (C:\\ma\\sales-king\\backend\\node_modules\\jest-circus\\build\\jestAdapterInit.js:861:11)\n    at _runTestsForDescribeBlock (C:\\ma\\sales-king\\backend\\node_modules\\jest-circus\\build\\jestAdapterInit.js:861:11)\n    at run (C:\\ma\\sales-king\\backend\\node_modules\\jest-circus\\build\\jestAdapterInit.js:765:3)\n    at runAndTransformResultsToJestFormat (C:\\ma\\sales-king\\backend\\node_modules\\jest-circus\\build\\jestAdapterInit.js:1993:21)\n    at jestAdapter (C:\\ma\\sales-king\\backend\\node_modules\\jest-circus\\build\\runner.js:111:19)\n    at runTestInternal (C:\\ma\\sales-king\\backend\\node_modules\\jest-runner\\build\\testWorker.js:276:16)\n    at runTest (C:\\ma\\sales-king\\backend\\node_modules\\jest-runner\\build\\testWorker.js:344:7)\n    at Object.worker (C:\\ma\\sales-king\\backend\\node_modules\\jest-runner\\build\\testWorker.js:498:12)"],"fullName":"AppController root should return \"Hello World!\"","invocations":1,"location":null,"numPassingAsserts":0,"retryReasons":[],"startAt":1778224337518,"status":"failed","title":"should return \"Hello World!\""}],"endTime":1778224337655,"message":"  ● AppController › root › should return \"Hello World!\"\n\n    TypeError: appController.getHello is not a function\n\n    \u001b[0m \u001b[90m 17 |\u001b[39m   describe(\u001b[32m'root'\u001b[39m\u001b[33m,\u001b[39m () \u001b[33m=>\u001b[39m {\n     \u001b[90m 18 |\u001b[39m     it(\u001b[32m'should return \"Hello World!\"'\u001b[39m\u001b[33m,\u001b[39m () \u001b[33m=>\u001b[39m {\n    \u001b[31m\u001b[1m>\u001b[22m\u001b[39m\u001b[90m 19 |\u001b[39m       expect(appController\u001b[33m.\u001b[39mgetHello())\u001b[33m.\u001b[39mtoBe(\u001b[32m'Hello World!'\u001b[39m)\u001b[33m;\u001b[39m\n     \u001b[90m    |\u001b[39m                            \u001b[31m\u001b[1m^\u001b[22m\u001b[39m\n     \u001b[90m 20 |\u001b[39m     })\u001b[33m;\u001b[39m\n     \u001b[90m 21 |\u001b[39m   })\u001b[33m;\u001b[39m\n     \u001b[90m 22 |\u001b[39m })\u001b[33m;\u001b[39m\u001b[0m\n\n      at Object.<anonymous> (app.controller.spec.ts:19:28)\n","name":"C:\\ma\\sales-king\\backend\\src\\app.controller.spec.ts","startTime":1778224334720,"status":"failed","summary":""},{"assertionResults":[{"ancestorTitles":["CustomersService","create"],"duration":63,"failing":false,"failureDetails":[{}],"failureMessages":["ReferenceError: reateDto is not defined\n    at Object.<anonymous> (C:\\ma\\sales-king\\backend\\src\\customers\\customers.service.spec.ts:64:9)\n    at processTicksAndRejections (node:internal/process/task_queues:95:5)"],"fullName":"CustomersService create should create a customer","invocations":1,"location":null,"numPassingAsserts":0,"retryReasons":[],"startAt":1778224337651,"status":"failed","title":"should create a customer"},{"ancestorTitles":["CustomersService","findAll"],"duration":20,"failing":false,"failureDetails":[],"failureMessages":[],"fullName":"CustomersService findAll should return all customers","invocations":1,"location":null,"numPassingAsserts":2,"retryReasons":[],"startAt":1778224337742,"status":"passed","title":"should return all customers"},{"ancestorTitles":["CustomersService","findAll"],"duration":27,"failing":false,"failureDetails":[{"matcherResult":{"message":"expect(jest.fn()).toHaveBeenCalledWith(...expected)\n\n- Expected\n+ Received\n\n  Object {\n    \"orderBy\": Object {\n      \"name\": \"asc\",\n    },\n    \"where\": Object {\n-     \"OR\": Array [\n-       Object {\n      \"name\": Object {\n-           \"contains\": \"John\",\n-           \"mode\": \"insensitive\",\n-         },\n-       },\n-       Object {\n-         \"phone\": Object {\n        \"contains\": \"John\",\n        \"mode\": \"insensitive\",\n-         },\n      },\n-     ],\n    },\n  },\n\nNumber of calls: 1","pass":false}}],"failureMessages":["Error: expect(jest.fn()).toHaveBeenCalledWith(...expected)\n\n- Expected\n+ Received\n\n  Object {\n    \"orderBy\": Object {\n      \"name\": \"asc\",\n    },\n    \"where\": Object {\n-     \"OR\": Array [\n-       Object {\n      \"name\": Object {\n-           \"contains\": \"John\",\n-           \"mode\": \"insensitive\",\n-         },\n-       },\n-       Object {\n-         \"phone\": Object {\n        \"contains\": \"John\",\n        \"mode\": \"insensitive\",\n-         },\n      },\n-     ],\n    },\n  },\n\nNumber of calls: 1\n    at Object.<anonymous> (C:\\ma\\sales-king\\backend\\src\\customers\\customers.service.spec.ts:90:51)\n    at processTicksAndRejections (node:internal/process/task_queues:95:5)"],"fullName":"CustomersService findAll should filter customers by keyword","invocations":1,"location":null,"numPassingAsserts":0,"retryReasons":[],"startAt":1778224337762,"status":"failed","title":"should filter customers by keyword"},{"ancestorTitles":["CustomersService","findOne"],"duration":7,"failing":false,"failureDetails":[],"failureMessages":[],"fullName":"CustomersService findOne should return a customer by id","invocations":1,"location":null,"numPassingAsserts":2,"retryReasons":[],"startAt":1778224337790,"status":"passed","title":"should return a customer by id"},{"ancestorTitles":["CustomersService","findOne"],"duration":19,"failing":false,"failureDetails":[],"failureMessages":[],"fullName":"CustomersService findOne should throw NotFoundException if customer does not exist","invocations":1,"location":null,"numPassingAsserts":1,"retryReasons":[],"startAt":1778224337797,"status":"passed","title":"should throw NotFoundException if customer does not exist"},{"ancestorTitles":["CustomersService","update"],"duration":7,"failing":false,"failureDetails":[{}],"failureMessages":["ReferenceError: pdateDto is not defined\n    at Object.<anonymous> (C:\\ma\\sales-king\\backend\\src\\customers\\customers.service.spec.ts:135:9)\n    at processTicksAndRejections (node:internal/process/task_queues:95:5)"],"fullName":"CustomersService update should update a customer","invocations":1,"location":null,"numPassingAsserts":0,"retryReasons":[],"startAt":1778224337818,"status":"failed","title":"should update a customer"},{"ancestorTitles":["CustomersService","update"],"duration":15,"failing":false,"failureDetails":[],"failureMessages":[],"fullName":"CustomersService update should throw NotFoundException if customer does not exist","invocations":1,"location":null,"numPassingAsserts":1,"retryReasons":[],"startAt":1778224337825,"status":"passed","title":"should throw NotFoundException if customer does not exist"},{"ancestorTitles":["CustomersService","remove"],"duration":6,"failing":false,"failureDetails":[],"failureMessages":[],"fullName":"CustomersService remove should delete a customer","invocations":1,"location":null,"numPassingAsserts":1,"retryReasons":[],"startAt":1778224337842,"status":"passed","title":"should delete a customer"},{"ancestorTitles":["CustomersService","remove"],"duration":14,"failing":false,"failureDetails":[],"failureMessages":[],"fullName":"CustomersService remove should throw NotFoundException if customer does not exist","invocations":1,"location":null,"numPassingAsserts":1,"retryReasons":[],"startAt":1778224337848,"status":"passed","title":"should throw NotFoundException if customer does not exist"}],"endTime":1778224337953,"message":"  ● CustomersService › create › should create a customer\n\n    ReferenceError: reateDto is not defined\n\n    \u001b[0m \u001b[90m 62 |\u001b[39m\n     \u001b[90m 63 |\u001b[39m       expect(mockPrismaService\u001b[33m.\u001b[39mcustomer\u001b[33m.\u001b[39mcreate)\u001b[33m.\u001b[39mtoHaveBeenCalledWith({\n    \u001b[31m\u001b[1m>\u001b[22m\u001b[39m\u001b[90m 64 |\u001b[39m         reateDto\u001b[33m,\u001b[39m\n     \u001b[90m    |\u001b[39m         \u001b[31m\u001b[1m^\u001b[22m\u001b[39m\n     \u001b[90m 65 |\u001b[39m       })\u001b[33m;\u001b[39m\n     \u001b[90m 66 |\u001b[39m       expect(result)\u001b[33m.\u001b[39mtoEqual(mockCustomer)\u001b[33m;\u001b[39m\n     \u001b[90m 67 |\u001b[39m     })\u001b[33m;\u001b[39m\u001b[0m\n\n      at Object.<anonymous> (customers/customers.service.spec.ts:64:9)\n\n  ● CustomersService › findAll › should filter customers by keyword\n\n    expect(jest.fn()).toHaveBeenCalledWith(...expected)\n\n    - Expected\n    + Received\n\n      Object {\n        \"orderBy\": Object {\n          \"name\": \"asc\",\n        },\n        \"where\": Object {\n    -     \"OR\": Array [\n    -       Object {\n          \"name\": Object {\n    -           \"contains\": \"John\",\n    -           \"mode\": \"insensitive\",\n    -         },\n    -       },\n    -       Object {\n    -         \"phone\": Object {\n            \"contains\": \"John\",\n            \"mode\": \"insensitive\",\n    -         },\n          },\n    -     ],\n        },\n      },\n\n    Number of calls: 1\n\n    \u001b[0m \u001b[90m 88 |\u001b[39m       \u001b[36mawait\u001b[39m service\u001b[33m.\u001b[39mfindAll(\u001b[32m'John'\u001b[39m)\u001b[33m;\u001b[39m\n     \u001b[90m 89 |\u001b[39m\n    \u001b[31m\u001b[1m>\u001b[22m\u001b[39m\u001b[90m 90 |\u001b[39m       expect(mockPrismaService\u001b[33m.\u001b[39mcustomer\u001b[33m.\u001b[39mfindMany)\u001b[33m.\u001b[39mtoHaveBeenCalledWith({\n     \u001b[90m    |\u001b[39m                                                   \u001b[31m\u001b[1m^\u001b[22m\u001b[39m\n     \u001b[90m 91 |\u001b[39m         where\u001b[33m:\u001b[39m {\n     \u001b[90m 92 |\u001b[39m           \u001b[33mOR\u001b[39m\u001b[33m:\u001b[39m [\n     \u001b[90m 93 |\u001b[39m             { name\u001b[33m:\u001b[39m { contains\u001b[33m:\u001b[39m \u001b[32m'John'\u001b[39m\u001b[33m,\u001b[39m mode\u001b[33m:\u001b[39m \u001b[32m'insensitive'\u001b[39m } }\u001b[33m,\u001b[39m\u001b[0m\n\n      at Object.<anonymous> (customers/customers.service.spec.ts:90:51)\n\n  ● CustomersService › update › should update a customer\n\n    ReferenceError: pdateDto is not defined\n\n    \u001b[0m \u001b[90m 133 |\u001b[39m       expect(mockPrismaService\u001b[33m.\u001b[39mcustomer\u001b[33m.\u001b[39mupdate)\u001b[33m.\u001b[39mtoHaveBeenCalledWith({\n     \u001b[90m 134 |\u001b[39m         where\u001b[33m:\u001b[39m { id\u001b[33m:\u001b[39m \u001b[32m'customer-123'\u001b[39m }\u001b[33m,\u001b[39m\n    \u001b[31m\u001b[1m>\u001b[22m\u001b[39m\u001b[90m 135 |\u001b[39m         pdateDto\u001b[33m,\u001b[39m\n     \u001b[90m     |\u001b[39m         \u001b[31m\u001b[1m^\u001b[22m\u001b[39m\n     \u001b[90m 136 |\u001b[39m       })\u001b[33m;\u001b[39m\n     \u001b[90m 137 |\u001b[39m       expect(result)\u001b[33m.\u001b[39mtoEqual(updatedCustomer)\u001b[33m;\u001b[39m\n     \u001b[90m 138 |\u001b[39m     })\u001b[33m;\u001b[39m\u001b[0m\n\n      at Object.<anonymous> (customers/customers.service.spec.ts:135:9)\n","name":"C:\\ma\\sales-king\\backend\\src\\customers\\customers.service.spec.ts","startTime":1778224334784,"status":"failed","summary":""},{"assertionResults":[{"ancestorTitles":["RegionsService","create"],"duration":52,"failing":false,"failureDetails":[{}],"failureMessages":["ReferenceError: reateDto is not defined\n    at Object.<anonymous> (C:\\ma\\sales-king\\backend\\src\\regions\\regions.service.spec.ts:62:9)\n    at processTicksAndRejections (node:internal/process/task_queues:95:5)"],"fullName":"RegionsService create should create a region","invocations":1,"location":null,"numPassingAsserts":0,"retryReasons":[],"startAt":1778224337758,"status":"failed","title":"should create a region"},{"ancestorTitles":["RegionsService","findAll"],"duration":31,"failing":false,"failureDetails":[],"failureMessages":[],"fullName":"RegionsService findAll should return all regions","invocations":1,"location":null,"numPassingAsserts":2,"retryReasons":[],"startAt":1778224337843,"status":"passed","title":"should return all regions"},{"ancestorTitles":["RegionsService","findOne"],"duration":12,"failing":false,"failureDetails":[],"failureMessages":[],"fullName":"RegionsService findOne should return a region by id","invocations":1,"location":null,"numPassingAsserts":2,"retryReasons":[],"startAt":1778224337875,"status":"passed","title":"should return a region by id"},{"ancestorTitles":["RegionsService","findOne"],"duration":19,"failing":false,"failureDetails":[],"failureMessages":[],"fullName":"RegionsService findOne should throw NotFoundException if region does not exist","invocations":1,"location":null,"numPassingAsserts":1,"retryReasons":[],"startAt":1778224337887,"status":"passed","title":"should throw NotFoundException if region does not exist"},{"ancestorTitles":["RegionsService","update"],"duration":30,"failing":false,"failureDetails":[{}],"failureMessages":["ReferenceError: pdateDto is not defined\n    at Object.<anonymous> (C:\\ma\\sales-king\\backend\\src\\regions\\regions.service.spec.ts:115:9)\n    at processTicksAndRejections (node:internal/process/task_queues:95:5)"],"fullName":"RegionsService update should update a region","invocations":1,"location":null,"numPassingAsserts":0,"retryReasons":[],"startAt":1778224337907,"status":"failed","title":"should update a region"},{"ancestorTitles":["RegionsService","update"],"duration":13,"failing":false,"failureDetails":[],"failureMessages":[],"fullName":"RegionsService update should throw NotFoundException if region does not exist","invocations":1,"location":null,"numPassingAsserts":1,"retryReasons":[],"startAt":1778224337938,"status":"passed","title":"should throw NotFoundException if region does not exist"},{"ancestorTitles":["RegionsService","remove"],"duration":12,"failing":false,"failureDetails":[],"failureMessages":[],"fullName":"RegionsService remove should delete a region","invocations":1,"location":null,"numPassingAsserts":1,"retryReasons":[],"startAt":1778224337952,"status":"passed","title":"should delete a region"},{"ancestorTitles":["RegionsService","remove"],"duration":9,"failing":false,"failureDetails":[],"failureMessages":[],"fullName":"RegionsService remove should throw NotFoundException if region does not exist","invocations":1,"location":null,"numPassingAsserts":1,"retryReasons":[],"startAt":1778224337965,"status":"passed","title":"should throw NotFoundException if region does not exist"}],"endTime":1778224338044,"message":"  ● RegionsService › create › should create a region\n\n    ReferenceError: reateDto is not defined\n\n    \u001b[0m \u001b[90m 60 |\u001b[39m\n     \u001b[90m 61 |\u001b[39m       expect(mockPrismaService\u001b[33m.\u001b[39mregion\u001b[33m.\u001b[39mcreate)\u001b[33m.\u001b[39mtoHaveBeenCalledWith({\n    \u001b[31m\u001b[1m>\u001b[22m\u001b[39m\u001b[90m 62 |\u001b[39m         reateDto\u001b[33m,\u001b[39m\n     \u001b[90m    |\u001b[39m         \u001b[31m\u001b[1m^\u001b[22m\u001b[39m\n     \u001b[90m 63 |\u001b[39m       })\u001b[33m;\u001b[39m\n     \u001b[90m 64 |\u001b[39m       expect(result)\u001b[33m.\u001b[39mtoEqual(mockRegion)\u001b[33m;\u001b[39m\n     \u001b[90m 65 |\u001b[39m     })\u001b[33m;\u001b[39m\u001b[0m\n\n      at Object.<anonymous> (regions/regions.service.spec.ts:62:9)\n\n  ● RegionsService › update › should update a region\n\n    ReferenceError: pdateDto is not defined\n\n    \u001b[0m \u001b[90m 113 |\u001b[39m       expect(mockPrismaService\u001b[33m.\u001b[39mregion\u001b[33m.\u001b[39mupdate)\u001b[33m.\u001b[39mtoHaveBeenCalledWith({\n     \u001b[90m 114 |\u001b[39m         where\u001b[33m:\u001b[39m { id\u001b[33m:\u001b[39m \u001b[32m'region-123'\u001b[39m }\u001b[33m,\u001b[39m\n    \u001b[31m\u001b[1m>\u001b[22m\u001b[39m\u001b[90m 115 |\u001b[39m         pdateDto\u001b[33m,\u001b[39m\n     \u001b[90m     |\u001b[39m         \u001b[31m\u001b[1m^\u001b[22m\u001b[39m\n     \u001b[90m 116 |\u001b[39m       })\u001b[33m;\u001b[39m\n     \u001b[90m 117 |\u001b[39m       expect(result)\u001b[33m.\u001b[39mtoEqual(updatedRegion)\u001b[33m;\u001b[39m\n     \u001b[90m 118 |\u001b[39m     })\u001b[33m;\u001b[39m\u001b[0m\n\n      at Object.<anonymous> (regions/regions.service.spec.ts:115:9)\n","name":"C:\\ma\\sales-king\\backend\\src\\regions\\regions.service.spec.ts","startTime":1778224334677,"status":"failed","summary":""},{"assertionResults":[{"ancestorTitles":["OrdersService","create"],"duration":57,"failing":false,"failureDetails":[],"failureMessages":[],"fullName":"OrdersService create should create an order with correct total calculations","invocations":1,"location":null,"numPassingAsserts":2,"retryReasons":[],"startAt":1778224337757,"status":"passed","title":"should create an order with correct total calculations"},{"ancestorTitles":["OrdersService","create"],"duration":87,"failing":false,"failureDetails":[],"failureMessages":[],"fullName":"OrdersService create should validate quantity is positive","invocations":1,"location":null,"numPassingAsserts":1,"retryReasons":[],"startAt":1778224337816,"status":"passed","title":"should validate quantity is positive"},{"ancestorTitles":["OrdersService","create"],"duration":12,"failing":false,"failureDetails":[],"failureMessages":[],"fullName":"OrdersService create should validate discount does not exceed line total","invocations":1,"location":null,"numPassingAsserts":1,"retryReasons":[],"startAt":1778224337903,"status":"passed","title":"should validate discount does not exceed line total"},{"ancestorTitles":["OrdersService","findAll"],"duration":13,"failing":false,"failureDetails":[],"failureMessages":[],"fullName":"OrdersService findAll should return only user orders for SALES role","invocations":1,"location":null,"numPassingAsserts":2,"retryReasons":[],"startAt":1778224337916,"status":"passed","title":"should return only user orders for SALES role"},{"ancestorTitles":["OrdersService","findAll"],"duration":20,"failing":false,"failureDetails":[],"failureMessages":[],"fullName":"OrdersService findAll should return all orders for ADMIN role","invocations":1,"location":null,"numPassingAsserts":2,"retryReasons":[],"startAt":1778224337930,"status":"passed","title":"should return all orders for ADMIN role"},{"ancestorTitles":["OrdersService","findAll"],"duration":10,"failing":false,"failureDetails":[],"failureMessages":[],"fullName":"OrdersService findAll should filter by date range","invocations":1,"location":null,"numPassingAsserts":1,"retryReasons":[],"startAt":1778224337952,"status":"passed","title":"should filter by date range"},{"ancestorTitles":["OrdersService","findAll"],"duration":9,"failing":false,"failureDetails":[],"failureMessages":[],"fullName":"OrdersService findAll should filter by store","invocations":1,"location":null,"numPassingAsserts":1,"retryReasons":[],"startAt":1778224337962,"status":"passed","title":"should filter by store"},{"ancestorTitles":["OrdersService","findAll"],"duration":15,"failing":false,"failureDetails":[],"failureMessages":[],"fullName":"OrdersService findAll should filter by product","invocations":1,"location":null,"numPassingAsserts":1,"retryReasons":[],"startAt":1778224337972,"status":"passed","title":"should filter by product"},{"ancestorTitles":["OrdersService","findOne"],"duration":17,"failing":false,"failureDetails":[],"failureMessages":[],"fullName":"OrdersService findOne should return order for owner (SALES)","invocations":1,"location":null,"numPassingAsserts":1,"retryReasons":[],"startAt":1778224337988,"status":"passed","title":"should return order for owner (SALES)"},{"ancestorTitles":["OrdersService","findOne"],"duration":9,"failing":false,"failureDetails":[],"failureMessages":[],"fullName":"OrdersService findOne should throw ForbiddenException if SALES user tries to access other user order","invocations":1,"location":null,"numPassingAsserts":1,"retryReasons":[],"startAt":1778224338005,"status":"passed","title":"should throw ForbiddenException if SALES user tries to access other user order"},{"ancestorTitles":["OrdersService","findOne"],"duration":8,"failing":false,"failureDetails":[],"failureMessages":[],"fullName":"OrdersService findOne should allow ADMIN to access any order","invocations":1,"location":null,"numPassingAsserts":1,"retryReasons":[],"startAt":1778224338014,"status":"passed","title":"should allow ADMIN to access any order"},{"ancestorTitles":["OrdersService","findOne"],"duration":6,"failing":false,"failureDetails":[],"failureMessages":[],"fullName":"OrdersService findOne should throw NotFoundException if order does not exist","invocations":1,"location":null,"numPassingAsserts":1,"retryReasons":[],"startAt":1778224338023,"status":"passed","title":"should throw NotFoundException if order does not exist"},{"ancestorTitles":["OrdersService","update"],"duration":7,"failing":false,"failureDetails":[],"failureMessages":[],"fullName":"OrdersService update should update order and recalculate totals","invocations":1,"location":null,"numPassingAsserts":3,"retryReasons":[],"startAt":1778224338030,"status":"passed","title":"should update order and recalculate totals"},{"ancestorTitles":["OrdersService","update"],"duration":6,"failing":false,"failureDetails":[],"failureMessages":[],"fullName":"OrdersService update should not allow SALES user to update other user order","invocations":1,"location":null,"numPassingAsserts":1,"retryReasons":[],"startAt":1778224338037,"status":"passed","title":"should not allow SALES user to update other user order"},{"ancestorTitles":["OrdersService","update"],"duration":5,"failing":false,"failureDetails":[],"failureMessages":[],"fullName":"OrdersService update should allow ADMIN to update any order","invocations":1,"location":null,"numPassingAsserts":2,"retryReasons":[],"startAt":1778224338043,"status":"passed","title":"should allow ADMIN to update any order"},{"ancestorTitles":["OrdersService","remove"],"duration":8,"failing":false,"failureDetails":[],"failureMessages":[],"fullName":"OrdersService remove should delete order for owner","invocations":1,"location":null,"numPassingAsserts":1,"retryReasons":[],"startAt":1778224338048,"status":"passed","title":"should delete order for owner"},{"ancestorTitles":["OrdersService","remove"],"duration":14,"failing":false,"failureDetails":[],"failureMessages":[],"fullName":"OrdersService remove should not allow SALES user to delete other user order","invocations":1,"location":null,"numPassingAsserts":1,"retryReasons":[],"startAt":1778224338057,"status":"passed","title":"should not allow SALES user to delete other user order"},{"ancestorTitles":["OrdersService","remove"],"duration":5,"failing":false,"failureDetails":[],"failureMessages":[],"fullName":"OrdersService remove should allow ADMIN to delete any order","invocations":1,"location":null,"numPassingAsserts":1,"retryReasons":[],"startAt":1778224338071,"status":"passed","title":"should allow ADMIN to delete any order"}],"endTime":1778224338084,"message":"","name":"C:\\ma\\sales-king\\backend\\src\\orders\\orders.service.spec.ts","startTime":1778224334803,"status":"passed","summary":""},{"assertionResults":[{"ancestorTitles":["StoresService","create"],"duration":99,"failing":false,"failureDetails":[{}],"failureMessages":["ReferenceError: reateDto is not defined\n    at Object.<anonymous> (C:\\ma\\sales-king\\backend\\src\\stores\\stores.service.spec.ts:66:9)\n    at processTicksAndRejections (node:internal/process/task_queues:95:5)"],"fullName":"StoresService create should create a store","invocations":1,"location":null,"numPassingAsserts":0,"retryReasons":[],"startAt":1778224337841,"status":"failed","title":"should create a store"},{"ancestorTitles":["StoresService","findAll"],"duration":24,"failing":false,"failureDetails":[],"failureMessages":[],"fullName":"StoresService findAll should return all stores","invocations":1,"location":null,"numPassingAsserts":2,"retryReasons":[],"startAt":1778224337970,"status":"passed","title":"should return all stores"},{"ancestorTitles":["StoresService","findAll"],"duration":13,"failing":false,"failureDetails":[],"failureMessages":[],"fullName":"StoresService findAll should filter stores by regionId","invocations":1,"location":null,"numPassingAsserts":1,"retryReasons":[],"startAt":1778224337994,"status":"passed","title":"should filter stores by regionId"},{"ancestorTitles":["StoresService","findOne"],"duration":10,"failing":false,"failureDetails":[],"failureMessages":[],"fullName":"StoresService findOne should return a store by id","invocations":1,"location":null,"numPassingAsserts":2,"retryReasons":[],"startAt":1778224338007,"status":"passed","title":"should return a store by id"},{"ancestorTitles":["StoresService","findOne"],"duration":19,"failing":false,"failureDetails":[],"failureMessages":[],"fullName":"StoresService findOne should throw NotFoundException if store does not exist","invocations":1,"location":null,"numPassingAsserts":1,"retryReasons":[],"startAt":1778224338018,"status":"passed","title":"should throw NotFoundException if store does not exist"},{"ancestorTitles":["StoresService","update"],"duration":8,"failing":false,"failureDetails":[],"failureMessages":[],"fullName":"StoresService update should update a store","invocations":1,"location":null,"numPassingAsserts":2,"retryReasons":[],"startAt":1778224338038,"status":"passed","title":"should update a store"},{"ancestorTitles":["StoresService","update"],"duration":8,"failing":false,"failureDetails":[],"failureMessages":[],"fullName":"StoresService update should throw NotFoundException if store does not exist","invocations":1,"location":null,"numPassingAsserts":1,"retryReasons":[],"startAt":1778224338046,"status":"passed","title":"should throw NotFoundException if store does not exist"},{"ancestorTitles":["StoresService","remove"],"duration":17,"failing":false,"failureDetails":[],"failureMessages":[],"fullName":"StoresService remove should delete a store","invocations":1,"location":null,"numPassingAsserts":1,"retryReasons":[],"startAt":1778224338054,"status":"passed","title":"should delete a store"},{"ancestorTitles":["StoresService","remove"],"duration":7,"failing":false,"failureDetails":[],"failureMessages":[],"fullName":"StoresService remove should throw NotFoundException if store does not exist","invocations":1,"location":null,"numPassingAsserts":1,"retryReasons":[],"startAt":1778224338072,"status":"passed","title":"should throw NotFoundException if store does not exist"}],"endTime":1778224338117,"message":"  ● StoresService › create › should create a store\n\n    ReferenceError: reateDto is not defined\n\n    \u001b[0m \u001b[90m 64 |\u001b[39m\n     \u001b[90m 65 |\u001b[39m       expect(mockPrismaService\u001b[33m.\u001b[39mstore\u001b[33m.\u001b[39mcreate)\u001b[33m.\u001b[39mtoHaveBeenCalledWith({\n    \u001b[31m\u001b[1m>\u001b[22m\u001b[39m\u001b[90m 66 |\u001b[39m         reateDto\u001b[33m,\u001b[39m\n     \u001b[90m    |\u001b[39m         \u001b[31m\u001b[1m^\u001b[22m\u001b[39m\n     \u001b[90m 67 |\u001b[39m       })\u001b[33m;\u001b[39m\n     \u001b[90m 68 |\u001b[39m       expect(result)\u001b[33m.\u001b[39mtoEqual(mockStore)\u001b[33m;\u001b[39m\n     \u001b[90m 69 |\u001b[39m     })\u001b[33m;\u001b[39m\u001b[0m\n\n      at Object.<anonymous> (stores/stores.service.spec.ts:66:9)\n","name":"C:\\ma\\sales-king\\backend\\src\\stores\\stores.service.spec.ts","startTime":1778224334683,"status":"failed","summary":""},{"assertionResults":[{"ancestorTitles":["VisitsService","create"],"duration":35,"failing":false,"failureDetails":[],"failureMessages":[],"fullName":"VisitsService create should create a visit","invocations":1,"location":null,"numPassingAsserts":2,"retryReasons":[],"startAt":1778224338302,"status":"passed","title":"should create a visit"},{"ancestorTitles":["VisitsService","findAll"],"duration":23,"failing":false,"failureDetails":[],"failureMessages":[],"fullName":"VisitsService findAll should return only user visits for SALES role","invocations":1,"location":null,"numPassingAsserts":2,"retryReasons":[],"startAt":1778224338338,"status":"passed","title":"should return only user visits for SALES role"},{"ancestorTitles":["VisitsService","findAll"],"duration":8,"failing":false,"failureDetails":[],"failureMessages":[],"fullName":"VisitsService findAll should return all visits for ADMIN role","invocations":1,"location":null,"numPassingAsserts":2,"retryReasons":[],"startAt":1778224338361,"status":"passed","title":"should return all visits for ADMIN role"},{"ancestorTitles":["VisitsService","findAll"],"duration":8,"failing":false,"failureDetails":[],"failureMessages":[],"fullName":"VisitsService findAll should filter by date range","invocations":1,"location":null,"numPassingAsserts":1,"retryReasons":[],"startAt":1778224338370,"status":"passed","title":"should filter by date range"},{"ancestorTitles":["VisitsService","findOne"],"duration":10,"failing":false,"failureDetails":[],"failureMessages":[],"fullName":"VisitsService findOne should return visit for owner (SALES)","invocations":1,"location":null,"numPassingAsserts":1,"retryReasons":[],"startAt":1778224338379,"status":"passed","title":"should return visit for owner (SALES)"},{"ancestorTitles":["VisitsService","findOne"],"duration":27,"failing":false,"failureDetails":[],"failureMessages":[],"fullName":"VisitsService findOne should throw ForbiddenException if SALES user tries to access other user visit","invocations":1,"location":null,"numPassingAsserts":1,"retryReasons":[],"startAt":1778224338389,"status":"passed","title":"should throw ForbiddenException if SALES user tries to access other user visit"},{"ancestorTitles":["VisitsService","findOne"],"duration":4,"failing":false,"failureDetails":[],"failureMessages":[],"fullName":"VisitsService findOne should allow ADMIN to access any visit","invocations":1,"location":null,"numPassingAsserts":1,"retryReasons":[],"startAt":1778224338416,"status":"passed","title":"should allow ADMIN to access any visit"},{"ancestorTitles":["VisitsService","findOne"],"duration":3,"failing":false,"failureDetails":[],"failureMessages":[],"fullName":"VisitsService findOne should throw NotFoundException if visit does not exist","invocations":1,"location":null,"numPassingAsserts":1,"retryReasons":[],"startAt":1778224338420,"status":"passed","title":"should throw NotFoundException if visit does not exist"},{"ancestorTitles":["VisitsService","update"],"duration":5,"failing":false,"failureDetails":[],"failureMessages":[],"fullName":"VisitsService update should update a visit","invocations":1,"location":null,"numPassingAsserts":2,"retryReasons":[],"startAt":1778224338423,"status":"passed","title":"should update a visit"},{"ancestorTitles":["VisitsService","update"],"duration":6,"failing":false,"failureDetails":[],"failureMessages":[],"fullName":"VisitsService update should not allow SALES user to update other user visit","invocations":1,"location":null,"numPassingAsserts":1,"retryReasons":[],"startAt":1778224338428,"status":"passed","title":"should not allow SALES user to update other user visit"},{"ancestorTitles":["VisitsService","remove"],"duration":5,"failing":false,"failureDetails":[],"failureMessages":[],"fullName":"VisitsService remove should delete visit for owner","invocations":1,"location":null,"numPassingAsserts":1,"retryReasons":[],"startAt":1778224338435,"status":"passed","title":"should delete visit for owner"},{"ancestorTitles":["VisitsService","remove"],"duration":4,"failing":false,"failureDetails":[],"failureMessages":[],"fullName":"VisitsService remove should not allow SALES user to delete other user visit","invocations":1,"location":null,"numPassingAsserts":1,"retryReasons":[],"startAt":1778224338440,"status":"passed","title":"should not allow SALES user to delete other user visit"},{"ancestorTitles":["VisitsService","remove"],"duration":2,"failing":false,"failureDetails":[],"failureMessages":[],"fullName":"VisitsService remove should allow ADMIN to delete any visit","invocations":1,"location":null,"numPassingAsserts":1,"retryReasons":[],"startAt":1778224338444,"status":"passed","title":"should allow ADMIN to delete any visit"}],"endTime":1778224338450,"message":"","name":"C:\\ma\\sales-king\\backend\\src\\visits\\visits.service.spec.ts","startTime":1778224336242,"status":"passed","summary":""}],"wasInterrupted":false}
